2020-10-17T08:05:42+00:00 ERROR Error getting remote inbox notification data feed
2020-10-17T08:05:42+00:00 ERROR WP_Error Object
(
    [errors] => Array
        (
            [http_request_failed] => Array
                (
                    [0] => cURL error 6: Could not resolve host: woocommerce.com
                )

        )

    [error_data] => Array
        (
        )

)

2020-10-17T08:05:42+00:00 ERROR Error getting remote inbox notification data feed
2020-10-17T08:05:42+00:00 ERROR WP_Error Object
(
    [errors] => Array
        (
            [http_request_failed] => Array
                (
                    [0] => cURL error 6: Could not resolve host: woocommerce.com
                )

        )

    [error_data] => Array
        (
        )

)

2020-10-17T08:05:53+00:00 ERROR Error getting remote inbox notification data feed
2020-10-17T08:05:53+00:00 ERROR WP_Error Object
(
    [errors] => Array
        (
            [http_request_failed] => Array
                (
                    [0] => cURL error 6: Could not resolve host: woocommerce.com
                )

        )

    [error_data] => Array
        (
        )

)

2020-10-17T08:05:53+00:00 ERROR Error getting remote inbox notification data feed
2020-10-17T08:05:53+00:00 ERROR WP_Error Object
(
    [errors] => Array
        (
            [http_request_failed] => Array
                (
                    [0] => cURL error 6: Could not resolve host: woocommerce.com
                )

        )

    [error_data] => Array
        (
        )

)

2020-10-17T08:25:01+00:00 ERROR Error getting remote inbox notification data feed
2020-10-17T08:25:01+00:00 ERROR WP_Error Object
(
    [errors] => Array
        (
            [http_request_failed] => Array
                (
                    [0] => cURL error 6: Could not resolve host: woocommerce.com
                )

        )

    [error_data] => Array
        (
        )

)

2020-10-17T09:31:27+00:00 ERROR Error getting remote inbox notification data feed
2020-10-17T09:31:27+00:00 ERROR WP_Error Object
(
    [errors] => Array
        (
            [http_request_failed] => Array
                (
                    [0] => cURL error 6: Could not resolve host: woocommerce.com
                )

        )

    [error_data] => Array
        (
        )

)

2020-10-17T09:34:05+00:00 ERROR Error getting remote inbox notification data feed
2020-10-17T09:34:05+00:00 ERROR WP_Error Object
(
    [errors] => Array
        (
            [http_request_failed] => Array
                (
                    [0] => cURL error 6: Could not resolve host: woocommerce.com
                )

        )

    [error_data] => Array
        (
        )

)

2020-10-17T09:35:00+00:00 ERROR Error getting remote inbox notification data feed
2020-10-17T09:35:00+00:00 ERROR WP_Error Object
(
    [errors] => Array
        (
            [http_request_failed] => Array
                (
                    [0] => cURL error 6: Could not resolve host: woocommerce.com
                )

        )

    [error_data] => Array
        (
        )

)

